{"meta": {"format": 3, "version": "7.13.5", "timestamp": "2026-03-22T04:34:34.554342", "branch_coverage": false, "show_contexts": false}, "files": {"config.py": {"executed_lines": [5, 6, 8, 10, 11, 12, 13, 14, 15, 16, 17, 18, 21, 36, 50], "summary": {"covered_lines": 15, "num_statements": 15, "percent_covered": 100.0, "percent_covered_display": "100", "missing_lines": 0, "excluded_lines": 0, "percent_statements_covered": 100.0, "percent_statements_covered_display": "100"}, "missing_lines": [], "excluded_lines": [], "functions": {"": {"executed_lines": [5, 6, 8, 10, 11, 12, 13, 14, 15, 16, 17, 18, 21, 36, 50], "summary": {"covered_lines": 15, "num_statements": 15, "percent_covered": 100.0, "percent_covered_display": "100", "missing_lines": 0, "excluded_lines": 0, "percent_statements_covered": 100.0, "percent_statements_covered_display": "100"}, "missing_lines": [], "excluded_lines": [], "start_line": 1}}, "classes": {"": {"executed_lines": [5, 6, 8, 10, 11, 12, 13, 14, 15, 16, 17, 18, 21, 36, 50], "summary": {"covered_lines": 15, "num_statements": 15, "percent_covered": 100.0, "percent_covered_display": "100", "missing_lines": 0, "excluded_lines": 0, "percent_statements_covered": 100.0, "percent_statements_covered_display": "100"}, "missing_lines": [], "excluded_lines": [], "start_line": 1}}}, "conftest.py": {"executed_lines": [6, 7, 10], "summary": {"covered_lines": 3, "num_statements": 3, "percent_covered": 100.0, "percent_covered_display": "100", "missing_lines": 0, "excluded_lines": 0, "percent_statements_covered": 100.0, "percent_statements_covered_display": "100"}, "missing_lines": [], "excluded_lines": [], "functions": {"": {"executed_lines": [6, 7, 10], "summary": {"covered_lines": 3, "num_statements": 3, "percent_covered": 100.0, "percent_covered_display": "100", "missing_lines": 0, "excluded_lines": 0, "percent_statements_covered": 100.0, "percent_statements_covered_display": "100"}, "missing_lines": [], "excluded_lines": [], "start_line": 1}}, "classes": {"": {"executed_lines": [6, 7, 10], "summary": {"covered_lines": 3, "num_statements": 3, "percent_covered": 100.0, "percent_covered_display": "100", "missing_lines": 0, "excluded_lines": 0, "percent_statements_covered": 100.0, "percent_statements_covered_display": "100"}, "missing_lines": [], "excluded_lines": [], "start_line": 1}}}, "database.py": {"executed_lines": [7, 9, 10, 15, 30, 47, 59, 74, 82, 92, 104, 129, 135, 143, 151, 161, 169, 179, 189, 201, 231, 237, 243, 251], "summary": {"covered_lines": 24, "num_statements": 89, "percent_covered": 26.96629213483146, "percent_covered_display": "27", "missing_lines": 65, "excluded_lines": 0, "percent_statements_covered": 26.96629213483146, "percent_statements_covered_display": "27"}, "missing_lines": [60, 61, 62, 64, 65, 66, 67, 68, 69, 75, 79, 83, 87, 93, 94, 100, 101, 114, 115, 126, 130, 131, 132, 136, 137, 140, 144, 145, 148, 152, 153, 158, 162, 163, 166, 170, 171, 174, 180, 181, 186, 190, 191, 197, 198, 213, 214, 220, 221, 222, 223, 227, 228, 232, 233, 234, 238, 239, 240, 244, 245, 248, 252, 253, 256], "excluded_lines": [], "functions": {"init_db": {"executed_lines": [], "summary": {"covered_lines": 0, "num_statements": 9, "percent_covered": 0.0, "percent_covered_display": "0", "missing_lines": 9, "excluded_lines": 0, "percent_statements_covered": 0.0, "percent_statements_covered_display": "0"}, "missing_lines": [60, 61, 62, 64, 65, 66, 67, 68, 69], "excluded_lines": [], "start_line": 59}, "_user_row": {"executed_lines": [], "summary": {"covered_lines": 0, "num_statements": 2, "percent_covered": 0.0, "percent_covered_display": "0", "missing_lines": 2, "excluded_lines": 0, "percent_statements_covered": 0.0, "percent_statements_covered_display": "0"}, "missing_lines": [75, 79], "excluded_lines": [], "start_line": 74}, "_pro_row": {"executed_lines": [], "summary": {"covered_lines": 0, "num_statements": 2, "percent_covered": 0.0, "percent_covered_display": "0", "missing_lines": 2, "excluded_lines": 0, "percent_statements_covered": 0.0, "percent_statements_covered_display": "0"}, "missing_lines": [83, 87], "excluded_lines": [], "start_line": 82}, "get_user": {"executed_lines": [], "summary": {"covered_lines": 0, "num_statements": 4, "percent_covered": 0.0, "percent_covered_display": "0", "missing_lines": 4, "excluded_lines": 0, "percent_statements_covered": 0.0, "percent_statements_covered_display": "0"}, "missing_lines": [93, 94, 100, 101], "excluded_lines": [], "start_line": 92}, "set_user_summoner": {"executed_lines": [], "summary": {"covered_lines": 0, "num_statements": 3, "percent_covered": 0.0, "percent_covered_display": "0", "missing_lines": 3, "excluded_lines": 0, "percent_statements_covered": 0.0, "percent_statements_covered_display": "0"}, "missing_lines": [114, 115, 126], "excluded_lines": [], "start_line": 104}, "update_user_puuid": {"executed_lines": [], "summary": {"covered_lines": 0, "num_statements": 3, "percent_covered": 0.0, "percent_covered_display": "0", "missing_lines": 3, "excluded_lines": 0, "percent_statements_covered": 0.0, "percent_statements_covered_display": "0"}, "missing_lines": [130, 131, 132], "excluded_lines": [], "start_line": 129}, "update_last_match_id": {"executed_lines": [], "summary": {"covered_lines": 0, "num_statements": 3, "percent_covered": 0.0, "percent_covered_display": "0", "missing_lines": 3, "excluded_lines": 0, "percent_statements_covered": 0.0, "percent_statements_covered_display": "0"}, "missing_lines": [136, 137, 140], "excluded_lines": [], "start_line": 135}, "toggle_notifications": {"executed_lines": [], "summary": {"covered_lines": 0, "num_statements": 3, "percent_covered": 0.0, "percent_covered_display": "0", "missing_lines": 3, "excluded_lines": 0, "percent_statements_covered": 0.0, "percent_statements_covered_display": "0"}, "missing_lines": [144, 145, 148], "excluded_lines": [], "start_line": 143}, "get_all_users": {"executed_lines": [], "summary": {"covered_lines": 0, "num_statements": 3, "percent_covered": 0.0, "percent_covered_display": "0", "missing_lines": 3, "excluded_lines": 0, "percent_statements_covered": 0.0, "percent_statements_covered_display": "0"}, "missing_lines": [152, 153, 158], "excluded_lines": [], "start_line": 151}, "get_all_user_ids": {"executed_lines": [], "summary": {"covered_lines": 0, "num_statements": 3, "percent_covered": 0.0, "percent_covered_display": "0", "missing_lines": 3, "excluded_lines": 0, "percent_statements_covered": 0.0, "percent_statements_covered_display": "0"}, "missing_lines": [162, 163, 166], "excluded_lines": [], "start_line": 161}, "update_user_last_poll_time": {"executed_lines": [], "summary": {"covered_lines": 0, "num_statements": 3, "percent_covered": 0.0, "percent_covered_display": "0", "missing_lines": 3, "excluded_lines": 0, "percent_statements_covered": 0.0, "percent_statements_covered_display": "0"}, "missing_lines": [170, 171, 174], "excluded_lines": [], "start_line": 169}, "get_all_pros": {"executed_lines": [], "summary": {"covered_lines": 0, "num_statements": 3, "percent_covered": 0.0, "percent_covered_display": "0", "missing_lines": 3, "excluded_lines": 0, "percent_statements_covered": 0.0, "percent_statements_covered_display": "0"}, "missing_lines": [180, 181, 186], "excluded_lines": [], "start_line": 179}, "get_pro_by_id": {"executed_lines": [], "summary": {"covered_lines": 0, "num_statements": 4, "percent_covered": 0.0, "percent_covered_display": "0", "missing_lines": 4, "excluded_lines": 0, "percent_statements_covered": 0.0, "percent_statements_covered_display": "0"}, "missing_lines": [190, 191, 197, 198], "excluded_lines": [], "start_line": 189}, "add_pro": {"executed_lines": [], "summary": {"covered_lines": 0, "num_statements": 8, "percent_covered": 0.0, "percent_covered_display": "0", "missing_lines": 8, "excluded_lines": 0, "percent_statements_covered": 0.0, "percent_statements_covered_display": "0"}, "missing_lines": [213, 214, 220, 221, 222, 223, 227, 228], "excluded_lines": [], "start_line": 201}, "remove_pro": {"executed_lines": [], "summary": {"covered_lines": 0, "num_statements": 3, "percent_covered": 0.0, "percent_covered_display": "0", "missing_lines": 3, "excluded_lines": 0, "percent_statements_covered": 0.0, "percent_statements_covered_display": "0"}, "missing_lines": [232, 233, 234], "excluded_lines": [], "start_line": 231}, "update_pro_puuid": {"executed_lines": [], "summary": {"covered_lines": 0, "num_statements": 3, "percent_covered": 0.0, "percent_covered_display": "0", "missing_lines": 3, "excluded_lines": 0, "percent_statements_covered": 0.0, "percent_statements_covered_display": "0"}, "missing_lines": [238, 239, 240], "excluded_lines": [], "start_line": 237}, "update_pro_last_match_id": {"executed_lines": [], "summary": {"covered_lines": 0, "num_statements": 3, "percent_covered": 0.0, "percent_covered_display": "0", "missing_lines": 3, "excluded_lines": 0, "percent_statements_covered": 0.0, "percent_statements_covered_display": "0"}, "missing_lines": [244, 245, 248], "excluded_lines": [], "start_line": 243}, "update_pro_last_poll_time": {"executed_lines": [], "summary": {"covered_lines": 0, "num_statements": 3, "percent_covered": 0.0, "percent_covered_display": "0", "missing_lines": 3, "excluded_lines": 0, "percent_statements_covered": 0.0, "percent_statements_covered_display": "0"}, "missing_lines": [252, 253, 256], "excluded_lines": [], "start_line": 251}, "": {"executed_lines": [7, 9, 10, 15, 30, 47, 59, 74, 82, 92, 104, 129, 135, 143, 151, 161, 169, 179, 189, 201, 231, 237, 243, 251], "summary": {"covered_lines": 24, "num_statements": 24, "percent_covered": 100.0, "percent_covered_display": "100", "missing_lines": 0, "excluded_lines": 0, "percent_statements_covered": 100.0, "percent_statements_covered_display": "100"}, "missing_lines": [], "excluded_lines": [], "start_line": 1}}, "classes": {"": {"executed_lines": [7, 9, 10, 15, 30, 47, 59, 74, 82, 92, 104, 129, 135, 143, 151, 161, 169, 179, 189, 201, 231, 237, 243, 251], "summary": {"covered_lines": 24, "num_statements": 89, "percent_covered": 26.96629213483146, "percent_covered_display": "27", "missing_lines": 65, "excluded_lines": 0, "percent_statements_covered": 26.96629213483146, "percent_statements_covered_display": "27"}, "missing_lines": [60, 61, 62, 64, 65, 66, 67, 68, 69, 75, 79, 83, 87, 93, 94, 100, 101, 114, 115, 126, 130, 131, 132, 136, 137, 140, 144, 145, 148, 152, 153, 158, 162, 163, 166, 170, 171, 174, 180, 181, 186, 190, 191, 197, 198, 213, 214, 220, 221, 222, 223, 227, 228, 232, 233, 234, 238, 239, 240, 244, 245, 248, 252, 253, 256], "excluded_lines": [], "start_line": 1}}}, "formatter.py": {"executed_lines": [6, 8, 11, 25, 34, 35, 36, 37, 40, 41, 42, 43, 44, 47, 48, 49, 50, 51, 54, 61, 62, 63, 64, 65, 66, 67, 68, 69, 70, 71, 73, 75, 84, 85, 87, 90, 98, 99, 100, 101, 102, 104, 109, 112, 128, 129, 130, 131, 132, 133, 134, 135, 136, 137, 138, 139, 140, 141, 142, 143, 146, 147, 148, 149, 150, 151, 152, 153, 154, 162, 170, 171, 172, 173, 174, 175, 177, 195, 196, 197, 200, 205, 206, 207, 208, 209, 210, 211, 212, 215, 216], "summary": {"covered_lines": 91, "num_statements": 92, "percent_covered": 98.91304347826087, "percent_covered_display": "99", "missing_lines": 1, "excluded_lines": 1, "percent_statements_covered": 98.91304347826087, "percent_statements_covered_display": "99"}, "missing_lines": [119], "excluded_lines": [120], "functions": {"_queue_label": {"executed_lines": [35, 36, 37], "summary": {"covered_lines": 3, "num_statements": 3, "percent_covered": 100.0, "percent_covered_display": "100", "missing_lines": 0, "excluded_lines": 0, "percent_statements_covered": 100.0, "percent_statements_covered_display": "100"}, "missing_lines": [], "excluded_lines": [], "start_line": 34}, "_duration": {"executed_lines": [41, 42, 43, 44], "summary": {"covered_lines": 4, "num_statements": 4, "percent_covered": 100.0, "percent_covered_display": "100", "missing_lines": 0, "excluded_lines": 0, "percent_statements_covered": 100.0, "percent_statements_covered_display": "100"}, "missing_lines": [], "excluded_lines": [], "start_line": 40}, "_kda_ratio": {"executed_lines": [48, 49, 50, 51], "summary": {"covered_lines": 4, "num_statements": 4, "percent_covered": 100.0, "percent_covered_display": "100", "missing_lines": 0, "excluded_lines": 0, "percent_statements_covered": 100.0, "percent_statements_covered_display": "100"}, "missing_lines": [], "excluded_lines": [], "start_line": 47}, "format_match_summary": {"executed_lines": [61, 62, 63, 64, 65, 66, 67, 68, 69, 70, 71, 73, 75, 84, 85, 87], "summary": {"covered_lines": 16, "num_statements": 16, "percent_covered": 100.0, "percent_covered_display": "100", "missing_lines": 0, "excluded_lines": 0, "percent_statements_covered": 100.0, "percent_statements_covered_display": "100"}, "missing_lines": [], "excluded_lines": [], "start_line": 54}, "format_match_summary_with_stats": {"executed_lines": [98, 99, 100, 101, 102, 104, 109], "summary": {"covered_lines": 7, "num_statements": 7, "percent_covered": 100.0, "percent_covered_display": "100", "missing_lines": 0, "excluded_lines": 0, "percent_statements_covered": 100.0, "percent_statements_covered_display": "100"}, "missing_lines": [], "excluded_lines": [], "start_line": 90}, "format_new_match_detected": {"executed_lines": [], "summary": {"covered_lines": 0, "num_statements": 1, "percent_covered": 0.0, "percent_covered_display": "0", "missing_lines": 1, "excluded_lines": 1, "percent_statements_covered": 0.0, "percent_statements_covered_display": "0"}, "missing_lines": [119], "excluded_lines": [120], "start_line": 112}, "format_pro_list": {"executed_lines": [129, 130, 131, 132, 133, 134, 135, 136, 137, 138, 139, 140, 141, 142, 143], "summary": {"covered_lines": 15, "num_statements": 15, "percent_covered": 100.0, "percent_covered_display": "100", "missing_lines": 0, "excluded_lines": 0, "percent_statements_covered": 100.0, "percent_statements_covered_display": "100"}, "missing_lines": [], "excluded_lines": [], "start_line": 128}, "format_status": {"executed_lines": [147, 148, 149, 150, 151, 152, 153, 154], "summary": {"covered_lines": 8, "num_statements": 8, "percent_covered": 100.0, "percent_covered_display": "100", "missing_lines": 0, "excluded_lines": 0, "percent_statements_covered": 100.0, "percent_statements_covered_display": "100"}, "missing_lines": [], "excluded_lines": [], "start_line": 146}, "format_aggregated_stats": {"executed_lines": [170, 171, 172, 173, 174, 175, 177, 195, 196, 197], "summary": {"covered_lines": 10, "num_statements": 10, "percent_covered": 100.0, "percent_covered_display": "100", "missing_lines": 0, "excluded_lines": 0, "percent_statements_covered": 100.0, "percent_statements_covered_display": "100"}, "missing_lines": [], "excluded_lines": [], "start_line": 162}, "format_player_ranking": {"executed_lines": [205, 206, 207, 208, 209, 210, 211, 212], "summary": {"covered_lines": 8, "num_statements": 8, "percent_covered": 100.0, "percent_covered_display": "100", "missing_lines": 0, "excluded_lines": 0, "percent_statements_covered": 100.0, "percent_statements_covered_display": "100"}, "missing_lines": [], "excluded_lines": [], "start_line": 200}, "format_help": {"executed_lines": [216], "summary": {"covered_lines": 1, "num_statements": 1, "percent_covered": 100.0, "percent_covered_display": "100", "missing_lines": 0, "excluded_lines": 0, "percent_statements_covered": 100.0, "percent_statements_covered_display": "100"}, "missing_lines": [], "excluded_lines": [], "start_line": 215}, "": {"executed_lines": [6, 8, 11, 25, 34, 40, 47, 54, 90, 112, 128, 146, 162, 200, 215], "summary": {"covered_lines": 15, "num_statements": 15, "percent_covered": 100.0, "percent_covered_display": "100", "missing_lines": 0, "excluded_lines": 0, "percent_statements_covered": 100.0, "percent_statements_covered_display": "100"}, "missing_lines": [], "excluded_lines": [], "start_line": 1}}, "classes": {"": {"executed_lines": [6, 8, 11, 25, 34, 35, 36, 37, 40, 41, 42, 43, 44, 47, 48, 49, 50, 51, 54, 61, 62, 63, 64, 65, 66, 67, 68, 69, 70, 71, 73, 75, 84, 85, 87, 90, 98, 99, 100, 101, 102, 104, 109, 112, 128, 129, 130, 131, 132, 133, 134, 135, 136, 137, 138, 139, 140, 141, 142, 143, 146, 147, 148, 149, 150, 151, 152, 153, 154, 162, 170, 171, 172, 173, 174, 175, 177, 195, 196, 197, 200, 205, 206, 207, 208, 209, 210, 211, 212, 215, 216], "summary": {"covered_lines": 91, "num_statements": 92, "percent_covered": 98.91304347826087, "percent_covered_display": "99", "missing_lines": 1, "excluded_lines": 1, "percent_statements_covered": 98.91304347826087, "percent_statements_covered_display": "99"}, "missing_lines": [119], "excluded_lines": [120], "start_line": 1}}}, "handlers.py": {"executed_lines": [5, 7, 9, 10, 11, 13, 14, 22, 23, 24, 25, 26, 28, 31, 38, 40, 41, 42, 43, 44, 47, 59, 63, 67, 72, 73, 74, 78, 80, 81, 82, 84, 85, 88, 90, 94, 95, 96, 100, 102, 103, 105, 121, 122, 123, 124, 127, 128, 131, 132, 133, 134, 135, 136, 137, 138, 139, 142, 181, 182, 183, 186, 200, 248], "summary": {"covered_lines": 64, "num_statements": 138, "percent_covered": 46.3768115942029, "percent_covered_display": "46", "missing_lines": 74, "excluded_lines": 5, "percent_statements_covered": 46.3768115942029, "percent_statements_covered_display": "46"}, "missing_lines": [39, 50, 51, 52, 53, 54, 60, 64, 147, 148, 149, 152, 154, 155, 156, 157, 158, 160, 163, 164, 165, 168, 170, 171, 172, 176, 187, 188, 189, 190, 191, 192, 193, 194, 195, 196, 197, 205, 206, 207, 210, 212, 213, 214, 215, 216, 217, 219, 220, 223, 227, 228, 229, 230, 231, 232, 233, 234, 235, 237, 238, 241, 243, 244, 245, 256, 257, 258, 259, 260, 269, 270, 272, 274], "excluded_lines": [92, 114, 161, 225, 253], "functions": {"_parse_riot_id": {"executed_lines": [38, 40, 41, 42, 43, 44], "summary": {"covered_lines": 6, "num_statements": 7, "percent_covered": 85.71428571428571, "percent_covered_display": "86", "missing_lines": 1, "excluded_lines": 0, "percent_statements_covered": 85.71428571428571, "percent_statements_covered_display": "86"}, "missing_lines": [39], "excluded_lines": [], "start_line": 31}, "_resolve_account": {"executed_lines": [], "summary": {"covered_lines": 0, "num_statements": 5, "percent_covered": 0.0, "percent_covered_display": "0", "missing_lines": 5, "excluded_lines": 0, "percent_statements_covered": 0.0, "percent_statements_covered_display": "0"}, "missing_lines": [50, 51, 52, 53, 54], "excluded_lines": [], "start_line": 47}, "start": {"executed_lines": [], "summary": {"covered_lines": 0, "num_statements": 1, "percent_covered": 0.0, "percent_covered_display": "0", "missing_lines": 1, "excluded_lines": 0, "percent_statements_covered": 0.0, "percent_statements_covered_display": "0"}, "missing_lines": [60], "excluded_lines": [], "start_line": 59}, "help_command": {"executed_lines": [], "summary": {"covered_lines": 0, "num_statements": 1, "percent_covered": 0.0, "percent_covered_display": "0", "missing_lines": 1, "excluded_lines": 0, "percent_statements_covered": 0.0, "percent_statements_covered_display": "0"}, "missing_lines": [64], "excluded_lines": [], "start_line": 63}, "set_summoner": {"executed_lines": [72, 73, 74, 78, 80, 81, 82, 84, 85, 88, 90, 94, 95, 96, 100, 102, 103, 105], "summary": {"covered_lines": 18, "num_statements": 18, "percent_covered": 100.0, "percent_covered_display": "100", "missing_lines": 0, "excluded_lines": 2, "percent_statements_covered": 100.0, "percent_statements_covered_display": "100"}, "missing_lines": [], "excluded_lines": [92, 114], "start_line": 67}, "status": {"executed_lines": [122, 123, 124, 127, 128], "summary": {"covered_lines": 5, "num_statements": 5, "percent_covered": 100.0, "percent_covered_display": "100", "missing_lines": 0, "excluded_lines": 0, "percent_statements_covered": 100.0, "percent_statements_covered_display": "100"}, "missing_lines": [], "excluded_lines": [], "start_line": 121}, "toggle_notifs": {"executed_lines": [132, 133, 134, 135, 136, 137, 138, 139], "summary": {"covered_lines": 8, "num_statements": 8, "percent_covered": 100.0, "percent_covered_display": "100", "missing_lines": 0, "excluded_lines": 0, "percent_statements_covered": 100.0, "percent_statements_covered_display": "100"}, "missing_lines": [], "excluded_lines": [], "start_line": 131}, "add_pro_player": {"executed_lines": [], "summary": {"covered_lines": 0, "num_statements": 18, "percent_covered": 0.0, "percent_covered_display": "0", "missing_lines": 18, "excluded_lines": 1, "percent_statements_covered": 0.0, "percent_statements_covered_display": "0"}, "missing_lines": [147, 148, 149, 152, 154, 155, 156, 157, 158, 160, 163, 164, 165, 168, 170, 171, 172, 176], "excluded_lines": [161], "start_line": 142}, "list_pros": {"executed_lines": [182, 183], "summary": {"covered_lines": 2, "num_statements": 2, "percent_covered": 100.0, "percent_covered_display": "100", "missing_lines": 0, "excluded_lines": 0, "percent_statements_covered": 100.0, "percent_statements_covered_display": "100"}, "missing_lines": [], "excluded_lines": [], "start_line": 181}, "remove_pro_player": {"executed_lines": [], "summary": {"covered_lines": 0, "num_statements": 11, "percent_covered": 0.0, "percent_covered_display": "0", "missing_lines": 11, "excluded_lines": 0, "percent_statements_covered": 0.0, "percent_statements_covered_display": "0"}, "missing_lines": [187, 188, 189, 190, 191, 192, 193, 194, 195, 196, 197], "excluded_lines": [], "start_line": 186}, "player_stats": {"executed_lines": [], "summary": {"covered_lines": 0, "num_statements": 28, "percent_covered": 0.0, "percent_covered_display": "0", "missing_lines": 28, "excluded_lines": 1, "percent_statements_covered": 0.0, "percent_statements_covered_display": "0"}, "missing_lines": [205, 206, 207, 210, 212, 213, 214, 215, 216, 217, 219, 220, 223, 227, 228, 229, 230, 231, 232, 233, 234, 235, 237, 238, 241, 243, 244, 245], "excluded_lines": [225], "start_line": 200}, "load_pros": {"executed_lines": [], "summary": {"covered_lines": 0, "num_statements": 9, "percent_covered": 0.0, "percent_covered_display": "0", "missing_lines": 9, "excluded_lines": 1, "percent_statements_covered": 0.0, "percent_statements_covered_display": "0"}, "missing_lines": [256, 257, 258, 259, 260, 269, 270, 272, 274], "excluded_lines": [253], "start_line": 248}, "": {"executed_lines": [5, 7, 9, 10, 11, 13, 14, 22, 23, 24, 25, 26, 28, 31, 47, 59, 63, 67, 121, 131, 142, 181, 186, 200, 248], "summary": {"covered_lines": 25, "num_statements": 25, "percent_covered": 100.0, "percent_covered_display": "100", "missing_lines": 0, "excluded_lines": 0, "percent_statements_covered": 100.0, "percent_statements_covered_display": "100"}, "missing_lines": [], "excluded_lines": [], "start_line": 1}}, "classes": {"": {"executed_lines": [5, 7, 9, 10, 11, 13, 14, 22, 23, 24, 25, 26, 28, 31, 38, 40, 41, 42, 43, 44, 47, 59, 63, 67, 72, 73, 74, 78, 80, 81, 82, 84, 85, 88, 90, 94, 95, 96, 100, 102, 103, 105, 121, 122, 123, 124, 127, 128, 131, 132, 133, 134, 135, 136, 137, 138, 139, 142, 181, 182, 183, 186, 200, 248], "summary": {"covered_lines": 64, "num_statements": 138, "percent_covered": 46.3768115942029, "percent_covered_display": "46", "missing_lines": 74, "excluded_lines": 5, "percent_statements_covered": 46.3768115942029, "percent_statements_covered_display": "46"}, "missing_lines": [39, 50, 51, 52, 53, 54, 60, 64, 147, 148, 149, 152, 154, 155, 156, 157, 158, 160, 163, 164, 165, 168, 170, 171, 172, 176, 187, 188, 189, 190, 191, 192, 193, 194, 195, 196, 197, 205, 206, 207, 210, 212, 213, 214, 215, 216, 217, 219, 220, 223, 227, 228, 229, 230, 231, 232, 233, 234, 235, 237, 238, 241, 243, 244, 245, 256, 257, 258, 259, 260, 269, 270, 272, 274], "excluded_lines": [92, 114, 161, 225, 253], "start_line": 1}}}, "poller.py": {"executed_lines": [7, 9, 10, 11, 12, 14, 16, 17, 28, 29, 30, 32, 35, 38, 42, 44, 45, 46, 47, 48, 49, 50, 53, 58, 59, 61, 62, 63, 65, 68, 69, 70, 73, 74, 75, 80, 92, 93, 94, 99, 105, 106, 107, 109, 110, 112, 113, 116, 117, 121, 122, 125, 126, 127, 128, 130, 133, 134, 135, 137, 138, 142, 143, 145, 150, 175], "summary": {"covered_lines": 66, "num_statements": 107, "percent_covered": 61.6822429906542, "percent_covered_display": "62", "missing_lines": 41, "excluded_lines": 0, "percent_statements_covered": 61.6822429906542, "percent_statements_covered_display": "62"}, "missing_lines": [39, 66, 76, 77, 95, 96, 100, 101, 103, 119, 123, 140, 151, 152, 153, 154, 155, 156, 157, 162, 163, 164, 165, 167, 169, 170, 176, 177, 178, 180, 181, 182, 183, 184, 189, 190, 191, 192, 194, 196, 197], "excluded_lines": [], "functions": {"_now_str": {"executed_lines": [], "summary": {"covered_lines": 0, "num_statements": 1, "percent_covered": 0.0, "percent_covered_display": "0", "missing_lines": 1, "excluded_lines": 0, "percent_statements_covered": 0.0, "percent_statements_covered_display": "0"}, "missing_lines": [39], "excluded_lines": [], "start_line": 38}, "_last_poll_age": {"executed_lines": [44, 45, 46, 47, 48, 49, 50], "summary": {"covered_lines": 7, "num_statements": 7, "percent_covered": 100.0, "percent_covered_display": "100", "missing_lines": 0, "excluded_lines": 0, "percent_statements_covered": 100.0, "percent_statements_covered_display": "100"}, "missing_lines": [], "excluded_lines": [], "start_line": 42}, "_resolve_puuid": {"executed_lines": [58, 59, 61, 62, 63, 65, 68, 69, 70], "summary": {"covered_lines": 9, "num_statements": 10, "percent_covered": 90.0, "percent_covered_display": "90", "missing_lines": 1, "excluded_lines": 0, "percent_statements_covered": 90.0, "percent_statements_covered_display": "90"}, "missing_lines": [66], "excluded_lines": [], "start_line": 53}, "_send_safe": {"executed_lines": [74, 75], "summary": {"covered_lines": 2, "num_statements": 4, "percent_covered": 50.0, "percent_covered_display": "50", "missing_lines": 2, "excluded_lines": 0, "percent_statements_covered": 50.0, "percent_statements_covered_display": "50"}, "missing_lines": [76, 77], "excluded_lines": [], "start_line": 73}, "_process_player": {"executed_lines": [92, 93, 94, 99, 105, 106, 107, 109, 110, 112, 113, 116, 117, 121, 122, 125, 126, 127, 128, 130, 133, 134, 135, 137, 138, 142, 143, 145], "summary": {"covered_lines": 28, "num_statements": 36, "percent_covered": 77.77777777777777, "percent_covered_display": "78", "missing_lines": 8, "excluded_lines": 0, "percent_statements_covered": 77.77777777777777, "percent_statements_covered_display": "78"}, "missing_lines": [95, 96, 100, 101, 103, 119, 123, 140], "excluded_lines": [], "start_line": 80}, "poll_users": {"executed_lines": [], "summary": {"covered_lines": 0, "num_statements": 14, "percent_covered": 0.0, "percent_covered_display": "0", "missing_lines": 14, "excluded_lines": 0, "percent_statements_covered": 0.0, "percent_statements_covered_display": "0"}, "missing_lines": [151, 152, 153, 154, 155, 156, 157, 162, 163, 164, 165, 167, 169, 170], "excluded_lines": [], "start_line": 150}, "poll_pros": {"executed_lines": [], "summary": {"covered_lines": 0, "num_statements": 15, "percent_covered": 0.0, "percent_covered_display": "0", "missing_lines": 15, "excluded_lines": 0, "percent_statements_covered": 0.0, "percent_statements_covered_display": "0"}, "missing_lines": [176, 177, 178, 180, 181, 182, 183, 184, 189, 190, 191, 192, 194, 196, 197], "excluded_lines": [], "start_line": 175}, "": {"executed_lines": [7, 9, 10, 11, 12, 14, 16, 17, 28, 29, 30, 32, 35, 38, 42, 53, 73, 80, 150, 175], "summary": {"covered_lines": 20, "num_statements": 20, "percent_covered": 100.0, "percent_covered_display": "100", "missing_lines": 0, "excluded_lines": 0, "percent_statements_covered": 100.0, "percent_statements_covered_display": "100"}, "missing_lines": [], "excluded_lines": [], "start_line": 1}}, "classes": {"": {"executed_lines": [7, 9, 10, 11, 12, 14, 16, 17, 28, 29, 30, 32, 35, 38, 42, 44, 45, 46, 47, 48, 49, 50, 53, 58, 59, 61, 62, 63, 65, 68, 69, 70, 73, 74, 75, 80, 92, 93, 94, 99, 105, 106, 107, 109, 110, 112, 113, 116, 117, 121, 122, 125, 126, 127, 128, 130, 133, 134, 135, 137, 138, 142, 143, 145, 150, 175], "summary": {"covered_lines": 66, "num_statements": 107, "percent_covered": 61.6822429906542, "percent_covered_display": "62", "missing_lines": 41, "excluded_lines": 0, "percent_statements_covered": 61.6822429906542, "percent_statements_covered_display": "62"}, "missing_lines": [39, 66, 76, 77, 95, 96, 100, 101, 103, 119, 123, 140, 151, 152, 153, 154, 155, 156, 157, 162, 163, 164, 165, 167, 169, 170, 176, 177, 178, 180, 181, 182, 183, 184, 189, 190, 191, 192, 194, 196, 197], "excluded_lines": [], "start_line": 1}}}, "pro_players.py": {"executed_lines": [7, 9, 12, 13, 14, 15, 16, 17, 21, 63, 67, 71], "summary": {"covered_lines": 12, "num_statements": 17, "percent_covered": 70.58823529411765, "percent_covered_display": "71", "missing_lines": 5, "excluded_lines": 0, "percent_statements_covered": 70.58823529411765, "percent_statements_covered_display": "71"}, "missing_lines": [64, 68, 72, 73, 74], "excluded_lines": [], "functions": {"get_pros_by_region": {"executed_lines": [], "summary": {"covered_lines": 0, "num_statements": 1, "percent_covered": 0.0, "percent_covered_display": "0", "missing_lines": 1, "excluded_lines": 0, "percent_statements_covered": 0.0, "percent_statements_covered_display": "0"}, "missing_lines": [64], "excluded_lines": [], "start_line": 63}, "get_pros_by_team": {"executed_lines": [], "summary": {"covered_lines": 0, "num_statements": 1, "percent_covered": 0.0, "percent_covered_display": "0", "missing_lines": 1, "excluded_lines": 0, "percent_statements_covered": 0.0, "percent_statements_covered_display": "0"}, "missing_lines": [68], "excluded_lines": [], "start_line": 67}, "find_pro": {"executed_lines": [], "summary": {"covered_lines": 0, "num_statements": 3, "percent_covered": 0.0, "percent_covered_display": "0", "missing_lines": 3, "excluded_lines": 0, "percent_statements_covered": 0.0, "percent_statements_covered_display": "0"}, "missing_lines": [72, 73, 74], "excluded_lines": [], "start_line": 71}, "": {"executed_lines": [7, 9, 12, 13, 14, 15, 16, 17, 21, 63, 67, 71], "summary": {"covered_lines": 12, "num_statements": 12, "percent_covered": 100.0, "percent_covered_display": "100", "missing_lines": 0, "excluded_lines": 0, "percent_statements_covered": 100.0, "percent_statements_covered_display": "100"}, "missing_lines": [], "excluded_lines": [], "start_line": 1}}, "classes": {"ProEntry": {"executed_lines": [], "summary": {"covered_lines": 0, "num_statements": 0, "percent_covered": 100.0, "percent_covered_display": "100", "missing_lines": 0, "excluded_lines": 0, "percent_statements_covered": 100.0, "percent_statements_covered_display": "100"}, "missing_lines": [], "excluded_lines": [], "start_line": 12}, "": {"executed_lines": [7, 9, 12, 13, 14, 15, 16, 17, 21, 63, 67, 71], "summary": {"covered_lines": 12, "num_statements": 17, "percent_covered": 70.58823529411765, "percent_covered_display": "71", "missing_lines": 5, "excluded_lines": 0, "percent_statements_covered": 70.58823529411765, "percent_statements_covered_display": "71"}, "missing_lines": [64, 68, 72, 73, 74], "excluded_lines": [], "start_line": 1}}}, "riot_account.py": {"executed_lines": [9, 11, 12, 13, 14, 16, 17, 19, 21, 24, 25, 73, 74], "summary": {"covered_lines": 13, "num_statements": 35, "percent_covered": 37.142857142857146, "percent_covered_display": "37", "missing_lines": 22, "excluded_lines": 0, "percent_statements_covered": 37.142857142857146, "percent_statements_covered_display": "37"}, "missing_lines": [48, 52, 53, 54, 55, 56, 57, 58, 59, 60, 61, 62, 63, 64, 65, 66, 67, 68, 69, 70, 92, 93], "excluded_lines": [], "functions": {"get_account_by_riot_id": {"executed_lines": [], "summary": {"covered_lines": 0, "num_statements": 20, "percent_covered": 0.0, "percent_covered_display": "0", "missing_lines": 20, "excluded_lines": 0, "percent_statements_covered": 0.0, "percent_statements_covered_display": "0"}, "missing_lines": [48, 52, 53, 54, 55, 56, 57, 58, 59, 60, 61, 62, 63, 64, 65, 66, 67, 68, 69, 70], "excluded_lines": [], "start_line": 25}, "get_puuid_by_game_name": {"executed_lines": [], "summary": {"covered_lines": 0, "num_statements": 2, "percent_covered": 0.0, "percent_covered_display": "0", "missing_lines": 2, "excluded_lines": 0, "percent_statements_covered": 0.0, "percent_statements_covered_display": "0"}, "missing_lines": [92, 93], "excluded_lines": [], "start_line": 74}, "": {"executed_lines": [9, 11, 12, 13, 14, 16, 17, 19, 21, 24, 25, 73, 74], "summary": {"covered_lines": 13, "num_statements": 13, "percent_covered": 100.0, "percent_covered_display": "100", "missing_lines": 0, "excluded_lines": 0, "percent_statements_covered": 100.0, "percent_statements_covered_display": "100"}, "missing_lines": [], "excluded_lines": [], "start_line": 1}}, "classes": {"": {"executed_lines": [9, 11, 12, 13, 14, 16, 17, 19, 21, 24, 25, 73, 74], "summary": {"covered_lines": 13, "num_statements": 35, "percent_covered": 37.142857142857146, "percent_covered_display": "37", "missing_lines": 22, "excluded_lines": 0, "percent_statements_covered": 37.142857142857146, "percent_statements_covered_display": "37"}, "missing_lines": [48, 52, 53, 54, 55, 56, 57, 58, 59, 60, 61, 62, 63, 64, 65, 66, 67, 68, 69, 70, 92, 93], "excluded_lines": [], "start_line": 1}}}, "riot_api.py": {"executed_lines": [11, 13, 14, 15, 16, 18, 19, 21, 29, 31, 34, 37, 42, 47, 52, 53, 58, 64, 99, 119, 140, 141, 145, 146, 147, 148, 149, 150, 151, 152, 153, 160, 165, 181, 182, 183, 184, 185, 186, 187, 188, 189, 190, 197, 212, 213, 214, 215, 216, 217, 219, 220, 221, 223], "summary": {"covered_lines": 54, "num_statements": 88, "percent_covered": 61.36363636363637, "percent_covered_display": "61", "missing_lines": 34, "excluded_lines": 0, "percent_statements_covered": 61.36363636363637, "percent_statements_covered_display": "61"}, "missing_lines": [44, 49, 74, 75, 76, 77, 78, 79, 80, 82, 83, 84, 85, 86, 87, 88, 89, 90, 91, 92, 93, 94, 95, 96, 109, 110, 111, 112, 113, 114, 154, 155, 191, 192], "excluded_lines": [], "functions": {"_rate_delay": {"executed_lines": [], "summary": {"covered_lines": 0, "num_statements": 1, "percent_covered": 0.0, "percent_covered_display": "0", "missing_lines": 1, "excluded_lines": 0, "percent_statements_covered": 0.0, "percent_statements_covered_display": "0"}, "missing_lines": [44], "excluded_lines": [], "start_line": 42}, "_cache_valid": {"executed_lines": [], "summary": {"covered_lines": 0, "num_statements": 1, "percent_covered": 0.0, "percent_covered_display": "0", "missing_lines": 1, "excluded_lines": 0, "percent_statements_covered": 0.0, "percent_statements_covered_display": "0"}, "missing_lines": [49], "excluded_lines": [], "start_line": 47}, "_riot_headers": {"executed_lines": [53], "summary": {"covered_lines": 1, "num_statements": 1, "percent_covered": 100.0, "percent_covered_display": "100", "missing_lines": 0, "excluded_lines": 0, "percent_statements_covered": 100.0, "percent_statements_covered_display": "100"}, "missing_lines": [], "excluded_lines": [], "start_line": 52}, "get_summoner_by_puuid": {"executed_lines": [], "summary": {"covered_lines": 0, "num_statements": 22, "percent_covered": 0.0, "percent_covered_display": "0", "missing_lines": 22, "excluded_lines": 0, "percent_statements_covered": 0.0, "percent_statements_covered_display": "0"}, "missing_lines": [74, 75, 76, 77, 78, 79, 80, 82, 83, 84, 85, 86, 87, 88, 89, 90, 91, 92, 93, 94, 95, 96], "excluded_lines": [], "start_line": 64}, "get_summoner": {"executed_lines": [], "summary": {"covered_lines": 0, "num_statements": 6, "percent_covered": 0.0, "percent_covered_display": "0", "missing_lines": 6, "excluded_lines": 0, "percent_statements_covered": 0.0, "percent_statements_covered_display": "0"}, "missing_lines": [109, 110, 111, 112, 113, 114], "excluded_lines": [], "start_line": 99}, "get_match_history_ids": {"executed_lines": [140, 141, 145, 146, 147, 148, 149, 150, 151, 152, 153], "summary": {"covered_lines": 11, "num_statements": 13, "percent_covered": 84.61538461538461, "percent_covered_display": "85", "missing_lines": 2, "excluded_lines": 0, "percent_statements_covered": 84.61538461538461, "percent_statements_covered_display": "85"}, "missing_lines": [154, 155], "excluded_lines": [], "start_line": 119}, "get_match_info": {"executed_lines": [181, 182, 183, 184, 185, 186, 187, 188, 189, 190], "summary": {"covered_lines": 10, "num_statements": 12, "percent_covered": 83.33333333333333, "percent_covered_display": "83", "missing_lines": 2, "excluded_lines": 0, "percent_statements_covered": 83.33333333333333, "percent_statements_covered_display": "83"}, "missing_lines": [191, 192], "excluded_lines": [], "start_line": 165}, "parse_match_for_puuid": {"executed_lines": [212, 213, 214, 215, 216, 217, 219, 220, 221, 223], "summary": {"covered_lines": 10, "num_statements": 10, "percent_covered": 100.0, "percent_covered_display": "100", "missing_lines": 0, "excluded_lines": 0, "percent_statements_covered": 100.0, "percent_statements_covered_display": "100"}, "missing_lines": [], "excluded_lines": [], "start_line": 197}, "": {"executed_lines": [11, 13, 14, 15, 16, 18, 19, 21, 29, 31, 34, 37, 42, 47, 52, 58, 64, 99, 119, 160, 165, 197], "summary": {"covered_lines": 22, "num_statements": 22, "percent_covered": 100.0, "percent_covered_display": "100", "missing_lines": 0, "excluded_lines": 0, "percent_statements_covered": 100.0, "percent_statements_covered_display": "100"}, "missing_lines": [], "excluded_lines": [], "start_line": 1}}, "classes": {"": {"executed_lines": [11, 13, 14, 15, 16, 18, 19, 21, 29, 31, 34, 37, 42, 47, 52, 53, 58, 64, 99, 119, 140, 141, 145, 146, 147, 148, 149, 150, 151, 152, 153, 160, 165, 181, 182, 183, 184, 185, 186, 187, 188, 189, 190, 197, 212, 213, 214, 215, 216, 217, 219, 220, 221, 223], "summary": {"covered_lines": 54, "num_statements": 88, "percent_covered": 61.36363636363637, "percent_covered_display": "61", "missing_lines": 34, "excluded_lines": 0, "percent_statements_covered": 61.36363636363637, "percent_statements_covered_display": "61"}, "missing_lines": [44, 49, 74, 75, 76, 77, 78, 79, 80, 82, 83, 84, 85, 86, 87, 88, 89, 90, 91, 92, 93, 94, 95, 96, 109, 110, 111, 112, 113, 114, 154, 155, 191, 192], "excluded_lines": [], "start_line": 1}}}, "stats.py": {"executed_lines": [11, 13, 18, 20, 21, 24, 29, 30, 31, 32, 33, 35, 36, 37, 38, 39, 40, 42, 72, 77, 78, 79, 99, 100, 102, 104, 105, 108, 109, 110, 111, 112, 116, 117, 125, 126, 128, 151, 158, 163], "summary": {"covered_lines": 40, "num_statements": 40, "percent_covered": 100.0, "percent_covered_display": "100", "missing_lines": 0, "excluded_lines": 0, "percent_statements_covered": 100.0, "percent_statements_covered_display": "100"}, "missing_lines": [], "excluded_lines": [], "functions": {"extract_participant": {"executed_lines": [20, 21], "summary": {"covered_lines": 2, "num_statements": 2, "percent_covered": 100.0, "percent_covered_display": "100", "missing_lines": 0, "excluded_lines": 0, "percent_statements_covered": 100.0, "percent_statements_covered_display": "100"}, "missing_lines": [], "excluded_lines": [], "start_line": 18}, "extract_match_stats": {"executed_lines": [29, 30, 31, 32, 33, 35, 36, 37, 38, 39, 40, 42], "summary": {"covered_lines": 12, "num_statements": 12, "percent_covered": 100.0, "percent_covered_display": "100", "missing_lines": 0, "excluded_lines": 0, "percent_statements_covered": 100.0, "percent_statements_covered_display": "100"}, "missing_lines": [], "excluded_lines": [], "start_line": 24}, "aggregate_stats": {"executed_lines": [77, 78, 79, 99, 100, 102, 104, 105, 108, 109, 110, 111, 112, 116, 117, 125, 126, 128], "summary": {"covered_lines": 18, "num_statements": 18, "percent_covered": 100.0, "percent_covered_display": "100", "missing_lines": 0, "excluded_lines": 0, "percent_statements_covered": 100.0, "percent_statements_covered_display": "100"}, "missing_lines": [], "excluded_lines": [], "start_line": 72}, "rank_players": {"executed_lines": [158, 163], "summary": {"covered_lines": 2, "num_statements": 2, "percent_covered": 100.0, "percent_covered_display": "100", "missing_lines": 0, "excluded_lines": 0, "percent_statements_covered": 100.0, "percent_statements_covered_display": "100"}, "missing_lines": [], "excluded_lines": [], "start_line": 151}, "": {"executed_lines": [11, 13, 18, 24, 72, 151], "summary": {"covered_lines": 6, "num_statements": 6, "percent_covered": 100.0, "percent_covered_display": "100", "missing_lines": 0, "excluded_lines": 0, "percent_statements_covered": 100.0, "percent_statements_covered_display": "100"}, "missing_lines": [], "excluded_lines": [], "start_line": 1}}, "classes": {"": {"executed_lines": [11, 13, 18, 20, 21, 24, 29, 30, 31, 32, 33, 35, 36, 37, 38, 39, 40, 42, 72, 77, 78, 79, 99, 100, 102, 104, 105, 108, 109, 110, 111, 112, 116, 117, 125, 126, 128, 151, 158, 163], "summary": {"covered_lines": 40, "num_statements": 40, "percent_covered": 100.0, "percent_covered_display": "100", "missing_lines": 0, "excluded_lines": 0, "percent_statements_covered": 100.0, "percent_statements_covered_display": "100"}, "missing_lines": [], "excluded_lines": [], "start_line": 1}}}}, "totals": {"covered_lines": 382, "num_statements": 624, "percent_covered": 61.217948717948715, "percent_covered_display": "61", "missing_lines": 242, "excluded_lines": 6, "percent_statements_covered": 61.217948717948715, "percent_statements_covered_display": "61"}}